[INFO] Scanning for projects...
[WARNING] 
[WARNING] Some problems were encountered while building the effective model for it.operazione_fratellino:of-backend:jar:0.0.1-SNAPSHOT
[WARNING] 'dependencies.dependency.(groupId:artifactId:type:classifier)' must be unique: org.projectlombok:lombok:jar -> duplicate declaration of version (?) @ line 112, column 21
[WARNING] 'dependencies.dependency.(groupId:artifactId:type:classifier)' must be unique: io.jsonwebtoken:jjwt-jackson:jar -> duplicate declaration of version 0.12.5 @ line 127, column 21
[WARNING] 
[WARNING] It is highly recommended to fix these problems because they threaten the stability of your build.
[WARNING] 
[WARNING] For this reason, future Maven versions might no longer support building such malformed projects.
[WARNING] 
[INFO] 
[INFO] ----------------< it.operazione_fratellino:of-backend >-----------------
[INFO] Building of-backend 0.0.1-SNAPSHOT
[INFO]   from pom.xml
[INFO] --------------------------------[ jar ]---------------------------------
[WARNING] The artifact org.apache.commons:commons-io:jar:1.3.2 has been relocated to commons-io:commons-io:jar:1.3.2: https://issues.sonatype.org/browse/MVNCENTRAL-244
[INFO] 
[INFO] --- clean:3.3.2:clean (default-clean) @ of-backend ---
[INFO] Deleting C:\Users\Ocrama94\Desktop\Dev\Gestionale_Operazione_Fratellino\of-backend\target
[INFO] 
[INFO] --- resources:3.3.1:resources (default-resources) @ of-backend ---
[INFO] Copying 3 resources from src\main\resources to target\classes
[INFO] Copying 3 resources from src\main\resources to target\classes
[INFO] 
[INFO] --- compiler:3.11.0:compile (default-compile) @ of-backend ---
[INFO] Changes detected - recompiling the module! :source
[INFO] Compiling 138 source files with javac [debug release 23] to target\classes
[INFO] 
[INFO] --- resources:3.3.1:testResources (default-testResources) @ of-backend ---
[INFO] skip non existing resourceDirectory C:\Users\Ocrama94\Desktop\Dev\Gestionale_Operazione_Fratellino\of-backend\src\test\resources
[INFO] 
[INFO] --- compiler:3.11.0:testCompile (default-testCompile) @ of-backend ---
[INFO] Changes detected - recompiling the module! :dependency
[INFO] Compiling 1 source file with javac [debug release 23] to target\test-classes
[INFO] 
[INFO] --- surefire:3.2.5:test (default-test) @ of-backend ---
[INFO] Using auto detected provider org.apache.maven.surefire.junitplatform.JUnitPlatformProvider
[INFO] 
[INFO] -------------------------------------------------------
[INFO]  T E S T S
[INFO] -------------------------------------------------------
[INFO] Running it.operazione_fratellino.of_backend.api.ApiCityControllerTest
WARNING: A Java agent has been loaded dynamically (C:\Users\Ocrama94\.m2\repository\net\bytebuddy\byte-buddy-agent\1.14.19\byte-buddy-agent-1.14.19.jar)
WARNING: If a serviceability tool is in use, please run with -XX:+EnableDynamicAgentLoading to hide this warning
WARNING: If a serviceability tool is not in use, please run with -Djdk.instrument.traceUsage for more information
WARNING: Dynamic loading of agents will be disallowed by default in a future release
Java HotSpot(TM) 64-Bit Server VM warning: Sharing is only supported for boot loader classes because bootstrap classpath has been appended
[INFO] Tests run: 1, Failures: 0, Errors: 0, Skipped: 0, Time elapsed: 0.708 s -- in it.operazione_fratellino.of_backend.api.ApiCityControllerTest
[INFO] 
[INFO] Results:
[INFO] 
[INFO] Tests run: 1, Failures: 0, Errors: 0, Skipped: 0
[INFO] 
[INFO] 
[INFO] --- jar:3.2.0:jar (default-jar) @ of-backend ---
[INFO] Building jar: C:\Users\Ocrama94\Desktop\Dev\Gestionale_Operazione_Fratellino\of-backend\target\of-backend-0.0.1-SNAPSHOT.jar
[INFO] 
[INFO] --- spring-boot:3.3.5:repackage (repackage) @ of-backend ---
[INFO] Replacing main artifact C:\Users\Ocrama94\Desktop\Dev\Gestionale_Operazione_Fratellino\of-backend\target\of-backend-0.0.1-SNAPSHOT.jar with repackaged archive, adding nested dependencies in BOOT-INF/.
[INFO] The original artifact has been renamed to C:\Users\Ocrama94\Desktop\Dev\Gestionale_Operazione_Fratellino\of-backend\target\of-backend-0.0.1-SNAPSHOT.jar.original
[INFO] ------------------------------------------------------------------------
[INFO] BUILD SUCCESS
[INFO] ------------------------------------------------------------------------
[INFO] Total time:  6.693 s
[INFO] Finished at: 2025-01-07T00:57:56+01:00
[INFO] ------------------------------------------------------------------------
[INFO] Scanning for projects...
[WARNING] 
[WARNING] Some problems were encountered while building the effective model for it.operazione_fratellino:of-backend:jar:0.0.1-SNAPSHOT
[WARNING] 'dependencies.dependency.(groupId:artifactId:type:classifier)' must be unique: org.projectlombok:lombok:jar -> duplicate declaration of version (?) @ line 112, column 21
[WARNING] 'dependencies.dependency.(groupId:artifactId:type:classifier)' must be unique: io.jsonwebtoken:jjwt-jackson:jar -> duplicate declaration of version 0.12.5 @ line 127, column 21
[WARNING] 
[WARNING] It is highly recommended to fix these problems because they threaten the stability of your build.
[WARNING] 
[WARNING] For this reason, future Maven versions might no longer support building such malformed projects.
[WARNING] 
[INFO] 
[INFO] ----------------< it.operazione_fratellino:of-backend >-----------------
[INFO] Building of-backend 0.0.1-SNAPSHOT
[INFO]   from pom.xml
[INFO] --------------------------------[ jar ]---------------------------------
[WARNING] The artifact org.apache.commons:commons-io:jar:1.3.2 has been relocated to commons-io:commons-io:jar:1.3.2: https://issues.sonatype.org/browse/MVNCENTRAL-244
[INFO] 
[INFO] --- clean:3.3.2:clean (default-clean) @ of-backend ---
[INFO] Deleting C:\Users\Ocrama94\Desktop\Dev\Gestionale_Operazione_Fratellino\of-backend\target
[INFO] 
[INFO] --- resources:3.3.1:resources (default-resources) @ of-backend ---
[INFO] Copying 3 resources from src\main\resources to target\classes
[INFO] Copying 3 resources from src\main\resources to target\classes
[INFO] 
[INFO] --- compiler:3.11.0:compile (default-compile) @ of-backend ---
[INFO] Changes detected - recompiling the module! :source
[INFO] Compiling 138 source files with javac [debug release 23] to target\classes
[INFO] 
[INFO] --- resources:3.3.1:testResources (default-testResources) @ of-backend ---
[INFO] skip non existing resourceDirectory C:\Users\Ocrama94\Desktop\Dev\Gestionale_Operazione_Fratellino\of-backend\src\test\resources
[INFO] 
[INFO] --- compiler:3.11.0:testCompile (default-testCompile) @ of-backend ---
[INFO] Changes detected - recompiling the module! :dependency
[INFO] Compiling 1 source file with javac [debug release 23] to target\test-classes
[INFO] 
[INFO] --- surefire:3.2.5:test (default-test) @ of-backend ---
[INFO] Using auto detected provider org.apache.maven.surefire.junitplatform.JUnitPlatformProvider
[INFO] 
[INFO] -------------------------------------------------------
[INFO]  T E S T S
[INFO] -------------------------------------------------------
[INFO] Running it.operazione_fratellino.of_backend.api.ApiCityControllerTest
WARNING: A Java agent has been loaded dynamically (C:\Users\Ocrama94\.m2\repository\net\bytebuddy\byte-buddy-agent\1.14.19\byte-buddy-agent-1.14.19.jar)
WARNING: If a serviceability tool is in use, please run with -XX:+EnableDynamicAgentLoading to hide this warning
WARNING: If a serviceability tool is not in use, please run with -Djdk.instrument.traceUsage for more information
WARNING: Dynamic loading of agents will be disallowed by default in a future release
Java HotSpot(TM) 64-Bit Server VM warning: Sharing is only supported for boot loader classes because bootstrap classpath has been appended
[INFO] Tests run: 1, Failures: 0, Errors: 0, Skipped: 0, Time elapsed: 0.700 s -- in it.operazione_fratellino.of_backend.api.ApiCityControllerTest
[INFO] 
[INFO] Results:
[INFO] 
[INFO] Tests run: 1, Failures: 0, Errors: 0, Skipped: 0
[INFO] 
[INFO] 
[INFO] --- jar:3.2.0:jar (default-jar) @ of-backend ---
[INFO] Building jar: C:\Users\Ocrama94\Desktop\Dev\Gestionale_Operazione_Fratellino\of-backend\target\of-backend-0.0.1-SNAPSHOT.jar
[INFO] 
[INFO] --- spring-boot:3.3.5:repackage (repackage) @ of-backend ---
[INFO] Replacing main artifact C:\Users\Ocrama94\Desktop\Dev\Gestionale_Operazione_Fratellino\of-backend\target\of-backend-0.0.1-SNAPSHOT.jar with repackaged archive, adding nested dependencies in BOOT-INF/.
[INFO] The original artifact has been renamed to C:\Users\Ocrama94\Desktop\Dev\Gestionale_Operazione_Fratellino\of-backend\target\of-backend-0.0.1-SNAPSHOT.jar.original
[INFO] ------------------------------------------------------------------------
[INFO] BUILD SUCCESS
[INFO] ------------------------------------------------------------------------
[INFO] Total time:  7.122 s
[INFO] Finished at: 2025-01-07T01:04:35+01:00
[INFO] ------------------------------------------------------------------------
bash: ./mvn: No such file or directory
2025-01-07 01:15:55 - Backend build failed
bash: ./mvn: No such file or directory
2025-01-07 01:17:00 - Backend build failed
bash: ./mvnm: No such file or directory
2025-01-07 01:19:52 - Backend build failed
