2025-01-07 00:55:46 - Starting deployment script...
2025-01-07 00:55:46 - Building the frontend project...
2025-01-07 00:55:56 - Committing and pushing changes to GitHub...
warning: in the working copy of 'of-backend/pom.xml', LF will be replaced by CRLF the next time Git touches it
warning: in the working copy of 'deploy.log', LF will be replaced by CRLF the next time Git touches it
warning: in the working copy of 'deploy.sh', LF will be replaced by CRLF the next time Git touches it
[main 3a097c5] Updated build with script
 4 files changed, 119 insertions(+), 39 deletions(-)
 create mode 100644 deploy.log
 create mode 100644 deploy.sh
To github.com:MarcoAntonioRussoDEV/OperazioneFratellino.git
 ! [rejected]        main -> main (fetch first)
error: failed to push some refs to 'github.com:MarcoAntonioRussoDEV/OperazioneFratellino.git'
hint: Updates were rejected because the remote contains work that you do not
hint: have locally. This is usually caused by another repository pushing to
hint: the same ref. If you want to integrate the remote changes, use
hint: 'git pull' before pushing again.
hint: See the 'Note about fast-forwards' in 'git push --help' for details.
2025-01-07 00:55:58 - Git push failed
2025-01-07 00:57:16 - Starting deployment script...
2025-01-07 00:57:16 - Building the frontend project...
2025-01-07 00:57:26 - Committing and pushing changes to GitHub...
warning: in the working copy of 'deploy.log', LF will be replaced by CRLF the next time Git touches it
[main 318c86c] Updated build with script
 1 file changed, 19 insertions(+)
To github.com:MarcoAntonioRussoDEV/OperazioneFratellino.git
   c50102b..318c86c  main -> main
2025-01-07 00:57:28 - Copying frontend files to the remote server...
2025-01-07 00:57:48 - Copia dei file del frontend completata con successo.
2025-01-07 00:57:48 - Building the backend project...
2025-01-07 00:57:57 - Copying backend JAR to the remote server...
scp: stat local "of-backend-0.0.1-SNAPSHOT.jar.original": No such file or directory
2025-01-07 00:59:07 - Errore durante la copia del file JAR del backend.
2025-01-07 00:59:07 - Deployment script completed.
2025-01-07 01:04:06 - Starting deployment script...
2025-01-07 01:04:06 - Building the frontend project...
2025-01-07 01:04:16 - Committing and pushing changes to GitHub...
warning: in the working copy of 'deploy.log', LF will be replaced by CRLF the next time Git touches it
warning: in the working copy of 'deploy.sh', LF will be replaced by CRLF the next time Git touches it
warning: in the working copy of 'of-backend/src/main/resources/application.properties', LF will be replaced by CRLF the next time Git touches it
[main 5438e8a] Updated build with script
 4 files changed, 96 insertions(+), 3 deletions(-)
 create mode 100644 of-backend/deploy.log
To github.com:MarcoAntonioRussoDEV/OperazioneFratellino.git
   318c86c..5438e8a  main -> main
2025-01-07 01:04:17 - Copying frontend files to the remote server...
2025-01-07 01:04:26 - backend copy completed successfully.
2025-01-07 01:04:26 - Building the backend project...
2025-01-07 01:04:35 - Copying backend JAR to the remote server...
scp: stat local "of-backend-0.0.1-SNAPSHOT.jar.original": No such file or directory
2025-01-07 01:06:39 - Errore durante la copia del file JAR del backend.
2025-01-07 01:06:55 - Deployment script completed.
2025-01-07 01:14:57 - Starting deployment script...
2025-01-07 01:14:58 - Building the frontend project...
2025-01-07 01:15:08 - Pulling changes from GitHub...
Everything up-to-date
2025-01-07 01:15:10 - Committing and pushing changes to GitHub...
warning: in the working copy of 'deploy.log', LF will be replaced by CRLF the next time Git touches it
warning: in the working copy of 'deploy.sh', LF will be replaced by CRLF the next time Git touches it
[main 98242b6] Updated build with script
 3 files changed, 92 insertions(+), 4 deletions(-)
To github.com:MarcoAntonioRussoDEV/OperazioneFratellino.git
   5438e8a..98242b6  main -> main
2025-01-07 01:15:11 - Copying frontend files to the remote server...
2025-01-07 01:15:54 - backend copy completed successfully.
2025-01-07 01:15:55 - Building the backend project...
2025-01-07 01:16:20 - Starting deployment script...
2025-01-07 01:16:21 - Building the frontend project...
2025-01-07 01:16:31 - Pulling changes from GitHub...
Everything up-to-date
2025-01-07 01:16:33 - Committing and pushing changes to GitHub...
warning: in the working copy of 'deploy.log', LF will be replaced by CRLF the next time Git touches it
warning: in the working copy of 'of-backend/deploy.log', LF will be replaced by CRLF the next time Git touches it
[main 9526e54] Updated build with script
 2 files changed, 16 insertions(+)
To github.com:MarcoAntonioRussoDEV/OperazioneFratellino.git
   98242b6..9526e54  main -> main
2025-01-07 01:16:34 - Copying frontend files to the remote server...
2025-01-07 01:17:00 - backend copy completed successfully.
2025-01-07 01:17:00 - Building the backend project...
2025-01-07 01:19:03 - Starting deployment script...
2025-01-07 01:19:05 - Building the frontend project...
2025-01-07 01:19:15 - Pulling changes from GitHub...
Everything up-to-date
2025-01-07 01:19:17 - Committing and pushing changes to GitHub...
warning: in the working copy of 'deploy.log', LF will be replaced by CRLF the next time Git touches it
warning: in the working copy of 'deploy.sh', LF will be replaced by CRLF the next time Git touches it
warning: in the working copy of 'of-backend/deploy.log', LF will be replaced by CRLF the next time Git touches it
[main e643aad] Updated build with script
 3 files changed, 17 insertions(+), 1 deletion(-)
To github.com:MarcoAntonioRussoDEV/OperazioneFratellino.git
   9526e54..e643aad  main -> main
2025-01-07 01:19:18 - Copying frontend files to the remote server...
2025-01-07 01:19:52 - backend copy completed successfully.
2025-01-07 01:19:52 - Building the backend project...
2025-01-07 01:27:05 - Starting deployment script...
2025-01-07 01:27:15 - Building the frontend project...
2025-01-07 01:27:25 - Pulling changes from GitHub...
From github.com:MarcoAntonioRussoDEV/OperazioneFratellino
 * branch            main       -> FETCH_HEAD
Already up to date.
2025-01-07 01:27:27 - Committing and pushing changes to GitHub...
warning: in the working copy of 'deploy.log', LF will be replaced by CRLF the next time Git touches it
warning: in the working copy of 'deploy.sh', LF will be replaced by CRLF the next time Git touches it
warning: in the working copy of 'of-backend/deploy.log', LF will be replaced by CRLF the next time Git touches it
[main 49d6a25] Updated build with script
 3 files changed, 22 insertions(+), 3 deletions(-)
To github.com:MarcoAntonioRussoDEV/OperazioneFratellino.git
   e643aad..49d6a25  main -> main
2025-01-07 01:27:29 - Copying frontend files to the remote server...
client_loop: send disconnect: Connection reset by peer
scp: Connection closed
2025-01-07 01:28:13 - Error during frontend copy.
2025-01-07 01:28:13 - Building the backend project...
2025-01-07 01:28:21 - Copying backend JAR to the remote server...
Executing: program /usr/bin/ssh host 95.246.72.155, user ocrama94, command sftp
OpenSSH_9.6p1, OpenSSL 3.2.1 30 Jan 2024
debug1: Reading configuration data /c/Users/Ocrama94/.ssh/config
debug1: Reading configuration data /etc/ssh/ssh_config
debug1: Connecting to 95.246.72.155 [95.246.72.155] port 22.
debug1: Connection established.
debug1: identity file /c/Users/Ocrama94/.ssh/id_rsa type 0
debug1: identity file /c/Users/Ocrama94/.ssh/id_rsa-cert type -1
debug1: identity file /c/Users/Ocrama94/.ssh/id_ecdsa type -1
debug1: identity file /c/Users/Ocrama94/.ssh/id_ecdsa-cert type -1
debug1: identity file /c/Users/Ocrama94/.ssh/id_ecdsa_sk type -1
debug1: identity file /c/Users/Ocrama94/.ssh/id_ecdsa_sk-cert type -1
debug1: identity file /c/Users/Ocrama94/.ssh/id_ed25519 type -1
debug1: identity file /c/Users/Ocrama94/.ssh/id_ed25519-cert type -1
debug1: identity file /c/Users/Ocrama94/.ssh/id_ed25519_sk type -1
debug1: identity file /c/Users/Ocrama94/.ssh/id_ed25519_sk-cert type -1
debug1: identity file /c/Users/Ocrama94/.ssh/id_xmss type -1
debug1: identity file /c/Users/Ocrama94/.ssh/id_xmss-cert type -1
debug1: identity file /c/Users/Ocrama94/.ssh/id_dsa type -1
debug1: identity file /c/Users/Ocrama94/.ssh/id_dsa-cert type -1
debug1: Local version string SSH-2.0-OpenSSH_9.6
debug1: Remote protocol version 2.0, remote software version OpenSSH_9.6p1 Ubuntu-3ubuntu13.5
debug1: compat_banner: match: OpenSSH_9.6p1 Ubuntu-3ubuntu13.5 pat OpenSSH* compat 0x04000000
debug1: Authenticating to 95.246.72.155:22 as 'ocrama94'
debug1: load_hostkeys: fopen /c/Users/Ocrama94/.ssh/known_hosts2: No such file or directory
debug1: load_hostkeys: fopen /etc/ssh/ssh_known_hosts: No such file or directory
debug1: load_hostkeys: fopen /etc/ssh/ssh_known_hosts2: No such file or directory
debug1: SSH2_MSG_KEXINIT sent
debug1: SSH2_MSG_KEXINIT received
debug1: kex: algorithm: sntrup761x25519-sha512@openssh.com
debug1: kex: host key algorithm: ssh-ed25519
debug1: kex: server->client cipher: chacha20-poly1305@openssh.com MAC: <implicit> compression: none
debug1: kex: client->server cipher: chacha20-poly1305@openssh.com MAC: <implicit> compression: none
debug1: expecting SSH2_MSG_KEX_ECDH_REPLY
debug1: SSH2_MSG_KEX_ECDH_REPLY received
debug1: Server host key: ssh-ed25519 SHA256:Wtjt97emf8LNrXylsGJZOMSgHlIgHOsOeObN3rPdxUs
debug1: load_hostkeys: fopen /c/Users/Ocrama94/.ssh/known_hosts2: No such file or directory
debug1: load_hostkeys: fopen /etc/ssh/ssh_known_hosts: No such file or directory
debug1: load_hostkeys: fopen /etc/ssh/ssh_known_hosts2: No such file or directory
debug1: Host '95.246.72.155' is known and matches the ED25519 host key.
debug1: Found key in /c/Users/Ocrama94/.ssh/known_hosts:16
debug1: ssh_packet_send2_wrapped: resetting send seqnr 3
debug1: rekey out after 134217728 blocks
debug1: SSH2_MSG_NEWKEYS sent
debug1: Sending SSH2_MSG_EXT_INFO
debug1: expecting SSH2_MSG_NEWKEYS
debug1: ssh_packet_read_poll2: resetting read seqnr 3
debug1: SSH2_MSG_NEWKEYS received
debug1: rekey in after 134217728 blocks
debug1: SSH2_MSG_EXT_INFO received
debug1: kex_ext_info_client_parse: server-sig-algs=<ssh-ed25519,ecdsa-sha2-nistp256,ecdsa-sha2-nistp384,ecdsa-sha2-nistp521,sk-ssh-ed25519@openssh.com,sk-ecdsa-sha2-nistp256@openssh.com,rsa-sha2-512,rsa-sha2-256>
debug1: kex_ext_info_check_ver: publickey-hostbound@openssh.com=<0>
debug1: kex_ext_info_check_ver: ping@openssh.com=<0>
debug1: SSH2_MSG_SERVICE_ACCEPT received
debug1: SSH2_MSG_EXT_INFO received
debug1: kex_ext_info_client_parse: server-sig-algs=<ssh-ed25519,ecdsa-sha2-nistp256,ecdsa-sha2-nistp384,ecdsa-sha2-nistp521,sk-ssh-ed25519@openssh.com,sk-ecdsa-sha2-nistp256@openssh.com,rsa-sha2-512,rsa-sha2-256>
debug1: Authentications that can continue: publickey,password
debug1: Next authentication method: publickey
debug1: Will attempt key: /c/Users/Ocrama94/.ssh/id_rsa RSA SHA256:+c4Vswaycw9E4UxDQQSyJcU6c6xKhHFwBPGqeLfgGVo
debug1: Will attempt key: /c/Users/Ocrama94/.ssh/id_ecdsa 
debug1: Will attempt key: /c/Users/Ocrama94/.ssh/id_ecdsa_sk 
debug1: Will attempt key: /c/Users/Ocrama94/.ssh/id_ed25519 
debug1: Will attempt key: /c/Users/Ocrama94/.ssh/id_ed25519_sk 
debug1: Will attempt key: /c/Users/Ocrama94/.ssh/id_xmss 
debug1: Will attempt key: /c/Users/Ocrama94/.ssh/id_dsa 
debug1: Offering public key: /c/Users/Ocrama94/.ssh/id_rsa RSA SHA256:+c4Vswaycw9E4UxDQQSyJcU6c6xKhHFwBPGqeLfgGVo
debug1: Server accepts key: /c/Users/Ocrama94/.ssh/id_rsa RSA SHA256:+c4Vswaycw9E4UxDQQSyJcU6c6xKhHFwBPGqeLfgGVo
Authenticated to 95.246.72.155 ([95.246.72.155]:22) using "publickey".
debug1: channel 0: new session [client-session] (inactive timeout: 0)
debug1: Requesting no-more-sessions@openssh.com
debug1: Entering interactive session.
debug1: pledge: filesystem
debug1: client_input_global_request: rtype hostkeys-00@openssh.com want_reply 0
debug1: client_input_hostkeys: searching /c/Users/Ocrama94/.ssh/known_hosts for 95.246.72.155 / (none)
debug1: client_input_hostkeys: searching /c/Users/Ocrama94/.ssh/known_hosts2 for 95.246.72.155 / (none)
debug1: client_input_hostkeys: hostkeys file /c/Users/Ocrama94/.ssh/known_hosts2 does not exist
debug1: client_input_hostkeys: host key found matching a different name/address, skipping UserKnownHostsFile update
debug1: Remote: /home/ocrama94/.ssh/authorized_keys:1: key options: agent-forwarding port-forwarding pty user-rc x11-forwarding
debug1: Remote: /home/ocrama94/.ssh/authorized_keys:1: key options: agent-forwarding port-forwarding pty user-rc x11-forwarding
debug1: Sending subsystem: sftp
debug1: pledge: fork
2025-01-07 01:38:33 - Starting deployment script...
2025-01-07 01:38:41 - Building the frontend project...
2025-01-07 01:38:52 - Pulling changes from GitHub...
From github.com:MarcoAntonioRussoDEV/OperazioneFratellino
 * branch            main       -> FETCH_HEAD
Already up to date.
2025-01-07 01:38:53 - Committing and pushing changes to GitHub...
